nohup: ignoring input
2025-07-18 19:01:34,145 - httpx - INFO - HTTP Request: POST https://api.telegram.org/bot8082274726:AAHH0xRZja9qM2gfb2J7mOlldaWq_2OBRMI/getMe "HTTP/1.1 200 OK"
2025-07-18 19:01:34,227 - httpx - INFO - HTTP Request: POST https://api.telegram.org/bot8082274726:AAHH0xRZja9qM2gfb2J7mOlldaWq_2OBRMI/deleteWebhook "HTTP/1.1 200 OK"
2025-07-18 19:01:34,228 - telegram.ext.Application - INFO - Application started
2025-07-18 19:01:44,491 - httpx - INFO - HTTP Request: POST https://api.telegram.org/bot8082274726:AAHH0xRZja9qM2gfb2J7mOlldaWq_2OBRMI/getUpdates "HTTP/1.1 200 OK"
2025-07-18 19:01:54,584 - httpx - INFO - HTTP Request: POST https://api.telegram.org/bot8082274726:AAHH0xRZja9qM2gfb2J7mOlldaWq_2OBRMI/getUpdates "HTTP/1.1 200 OK"
2025-07-18 19:02:04,672 - httpx - INFO - HTTP Request: POST https://api.telegram.org/bot8082274726:AAHH0xRZja9qM2gfb2J7mOlldaWq_2OBRMI/getUpdates "HTTP/1.1 200 OK"
2025-07-18 19:02:14,759 - httpx - INFO - HTTP Request: POST https://api.telegram.org/bot8082274726:AAHH0xRZja9qM2gfb2J7mOlldaWq_2OBRMI/getUpdates "HTTP/1.1 200 OK"
2025-07-18 19:02:24,846 - httpx - INFO - HTTP Request: POST https://api.telegram.org/bot8082274726:AAHH0xRZja9qM2gfb2J7mOlldaWq_2OBRMI/getUpdates "HTTP/1.1 200 OK"
2025-07-18 19:02:34,933 - httpx - INFO - HTTP Request: POST https://api.telegram.org/bot8082274726:AAHH0xRZja9qM2gfb2J7mOlldaWq_2OBRMI/getUpdates "HTTP/1.1 200 OK"
2025-07-18 19:02:45,021 - httpx - INFO - HTTP Request: POST https://api.telegram.org/bot8082274726:AAHH0xRZja9qM2gfb2J7mOlldaWq_2OBRMI/getUpdates "HTTP/1.1 200 OK"
2025-07-18 19:02:55,109 - httpx - INFO - HTTP Request: POST https://api.telegram.org/bot8082274726:AAHH0xRZja9qM2gfb2J7mOlldaWq_2OBRMI/getUpdates "HTTP/1.1 200 OK"
2025-07-18 19:03:05,196 - httpx - INFO - HTTP Request: POST https://api.telegram.org/bot8082274726:AAHH0xRZja9qM2gfb2J7mOlldaWq_2OBRMI/getUpdates "HTTP/1.1 200 OK"
2025-07-18 19:03:15,283 - httpx - INFO - HTTP Request: POST https://api.telegram.org/bot8082274726:AAHH0xRZja9qM2gfb2J7mOlldaWq_2OBRMI/getUpdates "HTTP/1.1 200 OK"
2025-07-18 19:03:25,370 - httpx - INFO - HTTP Request: POST https://api.telegram.org/bot8082274726:AAHH0xRZja9qM2gfb2J7mOlldaWq_2OBRMI/getUpdates "HTTP/1.1 200 OK"
2025-07-18 19:03:35,459 - httpx - INFO - HTTP Request: POST https://api.telegram.org/bot8082274726:AAHH0xRZja9qM2gfb2J7mOlldaWq_2OBRMI/getUpdates "HTTP/1.1 200 OK"
2025-07-18 19:03:45,548 - httpx - INFO - HTTP Request: POST https://api.telegram.org/bot8082274726:AAHH0xRZja9qM2gfb2J7mOlldaWq_2OBRMI/getUpdates "HTTP/1.1 200 OK"
2025-07-18 19:03:55,637 - httpx - INFO - HTTP Request: POST https://api.telegram.org/bot8082274726:AAHH0xRZja9qM2gfb2J7mOlldaWq_2OBRMI/getUpdates "HTTP/1.1 200 OK"
2025-07-18 19:04:05,724 - httpx - INFO - HTTP Request: POST https://api.telegram.org/bot8082274726:AAHH0xRZja9qM2gfb2J7mOlldaWq_2OBRMI/getUpdates "HTTP/1.1 200 OK"
2025-07-18 19:04:15,811 - httpx - INFO - HTTP Request: POST https://api.telegram.org/bot8082274726:AAHH0xRZja9qM2gfb2J7mOlldaWq_2OBRMI/getUpdates "HTTP/1.1 200 OK"
2025-07-18 19:04:25,899 - httpx - INFO - HTTP Request: POST https://api.telegram.org/bot8082274726:AAHH0xRZja9qM2gfb2J7mOlldaWq_2OBRMI/getUpdates "HTTP/1.1 200 OK"
2025-07-18 19:04:35,987 - httpx - INFO - HTTP Request: POST https://api.telegram.org/bot8082274726:AAHH0xRZja9qM2gfb2J7mOlldaWq_2OBRMI/getUpdates "HTTP/1.1 200 OK"
2025-07-18 19:04:46,075 - httpx - INFO - HTTP Request: POST https://api.telegram.org/bot8082274726:AAHH0xRZja9qM2gfb2J7mOlldaWq_2OBRMI/getUpdates "HTTP/1.1 200 OK"
2025-07-18 19:04:56,167 - httpx - INFO - HTTP Request: POST https://api.telegram.org/bot8082274726:AAHH0xRZja9qM2gfb2J7mOlldaWq_2OBRMI/getUpdates "HTTP/1.1 200 OK"
2025-07-18 19:05:06,261 - httpx - INFO - HTTP Request: POST https://api.telegram.org/bot8082274726:AAHH0xRZja9qM2gfb2J7mOlldaWq_2OBRMI/getUpdates "HTTP/1.1 200 OK"
2025-07-18 19:05:16,349 - httpx - INFO - HTTP Request: POST https://api.telegram.org/bot8082274726:AAHH0xRZja9qM2gfb2J7mOlldaWq_2OBRMI/getUpdates "HTTP/1.1 200 OK"
2025-07-18 19:05:31,433 - httpx - INFO - HTTP Request: POST https://api.telegram.org/bot8082274726:AAHH0xRZja9qM2gfb2J7mOlldaWq_2OBRMI/getUpdates "HTTP/1.1 200 OK"
2025-07-18 19:05:41,532 - httpx - INFO - HTTP Request: POST https://api.telegram.org/bot8082274726:AAHH0xRZja9qM2gfb2J7mOlldaWq_2OBRMI/getUpdates "HTTP/1.1 200 OK"
2025-07-18 19:05:51,621 - httpx - INFO - HTTP Request: POST https://api.telegram.org/bot8082274726:AAHH0xRZja9qM2gfb2J7mOlldaWq_2OBRMI/getUpdates "HTTP/1.1 200 OK"
